{ Error: ENOENT: no such file or directory, stat '/home/ubuntu/.cache/heroku/lastrun'
  errno: -2,
  code: 'ENOENT',
  syscall: 'stat',
  path: '/home/ubuntu/.cache/heroku/lastrun' }
 ▸    'ENOENT': ENOENT: no such file or directory, stat
 ▸    '/home/ubuntu/.cache/heroku/lastrun'
2018/01/29 03:20:15 Error: Expected response to be successful, got 401
    at Request.handleFailure [as _handleFailure] (/usr/local/heroku/node_modules/heroku-client/lib/request.js:241:11)
    at Request.<anonymous> (/usr/local/heroku/node_modules/heroku-cli-util/lib/command.js:56:12)
    at concat.then (/usr/local/heroku/node_modules/heroku-client/lib/request.js:135:16)
    at <anonymous>
    at process._tickCallback (internal/process/next_tick.js:188:7)
2018/01/29 03:20:15 {"id":"unauthorized","message":"Invalid credentials provided."}
Error: log is not a heroku command.
Perhaps you meant logs
Run heroku help for a list of available commands.
    at Errors.error (/home/ubuntu/.local/share/heroku/client/node_modules/cli-ux/lib/errors.js:62:23)
    at action.pause (/home/ubuntu/.local/share/heroku/client/node_modules/cli-ux/lib/index.js:65:32)
    at SpinnerAction.pause (/home/ubuntu/.local/share/heroku/client/node_modules/cli-ux/lib/action/base.js:100:21)
    at CLI.error (/home/ubuntu/.local/share/heroku/client/node_modules/cli-ux/lib/index.js:64:21)
    at NotFound.<anonymous> (/home/ubuntu/.local/share/heroku/client/node_modules/@cli-engine/engine/lib/not_found.js:27:30)
    at Generator.next (<anonymous>)
    at fulfilled (/home/ubuntu/.local/share/heroku/client/node_modules/tslib/tslib.js:102:62)
    at <anonymous>
 ▸    log is not a heroku command.
 ▸    Perhaps you meant logs
 ▸    Run heroku help for a list of available commands.
